Connecting to database specified by database.yml
  [1m[36m (0.2ms)[0m  [1mselect sqlite_version(*)[0m
  [1m[35m (1.9ms)[0m  CREATE TABLE "schema_migrations" ("version" varchar(255) NOT NULL) 
  [1m[36m (0.0ms)[0m  [1mPRAGMA index_list("schema_migrations")[0m
  [1m[35m (1.3ms)[0m  CREATE UNIQUE INDEX "unique_schema_migrations" ON "schema_migrations" ("version")
  [1m[36m (0.1ms)[0m  [1mSELECT "schema_migrations"."version" FROM "schema_migrations" [0m
Migrating to CreateFormulanFormulanForms (20121024083434)
  [1m[35m (0.0ms)[0m  begin transaction
  [1m[36m (0.9ms)[0m  [1mCREATE TABLE "formulan_forms" ("id" INTEGER PRIMARY KEY AUTOINCREMENT NOT NULL, "identifier" varchar(255), "data" text, "created_at" datetime NOT NULL, "updated_at" datetime NOT NULL) [0m
  [1m[35m (0.1ms)[0m  PRAGMA index_list("formulan_forms")
  [1m[36m (0.2ms)[0m  [1mCREATE INDEX "index_formulan_forms_on_identifier" ON "formulan_forms" ("identifier")[0m
  [1m[35m (0.2ms)[0m  INSERT INTO "schema_migrations" ("version") VALUES ('20121024083434')
  [1m[36m (2.0ms)[0m  [1mcommit transaction[0m
  [1m[35m (0.3ms)[0m  select sqlite_version(*)
  [1m[36m (0.1ms)[0m  [1mSELECT "schema_migrations"."version" FROM "schema_migrations" [0m
  [1m[35m (0.0ms)[0m  PRAGMA index_list("formulan_forms")
  [1m[36m (0.0ms)[0m  [1mPRAGMA index_info('index_formulan_forms_on_identifier')[0m
Connecting to database specified by database.yml
  [1m[36m (0.1ms)[0m  [1mSELECT "schema_migrations"."version" FROM "schema_migrations" [0m
Migrating to CreateFormulanFormulanForms (20121024083434)
  [1m[35m (0.3ms)[0m  select sqlite_version(*)
  [1m[36m (0.1ms)[0m  [1mSELECT "schema_migrations"."version" FROM "schema_migrations" [0m
  [1m[35m (0.0ms)[0m  PRAGMA index_list("formulan_forms")
  [1m[36m (0.1ms)[0m  [1mPRAGMA index_info('index_formulan_forms_on_identifier')[0m
